# JRE version: OpenJDK Runtime Environment (8.0_282-b08) (build 1.8.0_282-b08)
# Java VM: OpenJDK 64-Bit Server VM (25.282-b08 mixed mode windows-amd64 compressed oops)
Heap:
 PSYoungGen      total 118272K, used 52862K [0x00000000f5580000, 0x0000000100000000, 0x0000000100000000)
  eden space 105472K, 50% used [0x00000000f5580000,0x00000000f891fa18,0x00000000fbc80000)
  from space 12800K, 0% used [0x00000000fbc80000,0x00000000fbc80000,0x00000000fc900000)
  to   space 12288K, 0% used [0x00000000ff400000,0x00000000ff400000,0x0000000100000000)
 ParOldGen       total 175104K, used 15041K [0x00000000e0000000, 0x00000000eab00000, 0x00000000f5580000)
  object space 175104K, 8% used [0x00000000e0000000,0x00000000e0eb0650,0x00000000eab00000)
 Metaspace       used 36514K, capacity 37656K, committed 37888K, reserved 1081344K
  class space    used 5002K, capacity 5338K, committed 5376K, reserved 1048576K
GC Heap History (10 events):
Event: 4.554 GC heap before
{Heap before GC invocations=5 (full 1):
 PSYoungGen      total 76288K, used 7305K [0x00000000f5580000, 0x00000000fea80000, 0x0000000100000000)
  eden space 65536K, 0% used [0x00000000f5580000,0x00000000f5580000,0x00000000f9580000)
  from space 10752K, 67% used [0x00000000fa000000,0x00000000fa722408,0x00000000faa80000)
  to   space 10752K, 0% used [0x00000000f9580000,0x00000000f9580000,0x00000000fa000000)
 ParOldGen       total 175104K, used 535K [0x00000000e0000000, 0x00000000eab00000, 0x00000000f5580000)
  object space 175104K, 0% used [0x00000000e0000000,0x00000000e0085c20,0x00000000eab00000)
 Metaspace       used 20663K, capacity 21226K, committed 21296K, reserved 1067008K
  class space    used 2975K, capacity 3131K, committed 3200K, reserved 1048576K
Event: 4.595 GC heap after
Heap after GC invocations=5 (full 1):
 PSYoungGen      total 76288K, used 0K [0x00000000f5580000, 0x00000000fea80000, 0x0000000100000000)
  eden space 65536K, 0% used [0x00000000f5580000,0x00000000f5580000,0x00000000f9580000)
  from space 10752K, 0% used [0x00000000fa000000,0x00000000fa000000,0x00000000faa80000)
  to   space 10752K, 0% used [0x00000000f9580000,0x00000000f9580000,0x00000000fa000000)
 ParOldGen       total 175104K, used 7155K [0x00000000e0000000, 0x00000000eab00000, 0x00000000f5580000)
  object space 175104K, 4% used [0x00000000e0000000,0x00000000e06fcce0,0x00000000eab00000)
 Metaspace       used 20663K, capacity 21226K, committed 21296K, reserved 1067008K
  class space    used 2975K, capacity 3131K, committed 3200K, reserved 1048576K
}
Event: 5.806 GC heap before
{Heap before GC invocations=6 (full 1):
 PSYoungGen      total 76288K, used 65536K [0x00000000f5580000, 0x00000000fea80000, 0x0000000100000000)
  eden space 65536K, 100% used [0x00000000f5580000,0x00000000f9580000,0x00000000f9580000)
  from space 10752K, 0% used [0x00000000fa000000,0x00000000fa000000,0x00000000faa80000)
  to   space 10752K, 0% used [0x00000000f9580000,0x00000000f9580000,0x00000000fa000000)
 ParOldGen       total 175104K, used 7155K [0x00000000e0000000, 0x00000000eab00000, 0x00000000f5580000)
  object space 175104K, 4% used [0x00000000e0000000,0x00000000e06fcce0,0x00000000eab00000)
 Metaspace       used 29148K, capacity 29890K, committed 30080K, reserved 1075200K
  class space    used 3976K, capacity 4169K, committed 4224K, reserved 1048576K
Event: 5.816 GC heap after
Heap after GC invocations=6 (full 1):
 PSYoungGen      total 76288K, used 8373K [0x00000000f5580000, 0x00000000fd600000, 0x0000000100000000)
  eden space 65536K, 0% used [0x00000000f5580000,0x00000000f5580000,0x00000000f9580000)
  from space 10752K, 77% used [0x00000000f9580000,0x00000000f9dad560,0x00000000fa000000)
  to   space 11776K, 0% used [0x00000000fca80000,0x00000000fca80000,0x00000000fd600000)
 ParOldGen       total 175104K, used 7163K [0x00000000e0000000, 0x00000000eab00000, 0x00000000f5580000)
  object space 175104K, 4% used [0x00000000e0000000,0x00000000e06fece0,0x00000000eab00000)
 Metaspace       used 29148K, capacity 29890K, committed 30080K, reserved 1075200K
  class space    used 3976K, capacity 4169K, committed 4224K, reserved 1048576K
}
Event: 10.517 GC heap before
{Heap before GC invocations=7 (full 1):
 PSYoungGen      total 76288K, used 73909K [0x00000000f5580000, 0x00000000fd600000, 0x0000000100000000)
  eden space 65536K, 100% used [0x00000000f5580000,0x00000000f9580000,0x00000000f9580000)
  from space 10752K, 77% used [0x00000000f9580000,0x00000000f9dad560,0x00000000fa000000)
  to   space 11776K, 0% used [0x00000000fca80000,0x00000000fca80000,0x00000000fd600000)
 ParOldGen       total 175104K, used 7163K [0x00000000e0000000, 0x00000000eab00000, 0x00000000f5580000)
  object space 175104K, 4% used [0x00000000e0000000,0x00000000e06fece0,0x00000000eab00000)
 Metaspace       used 33662K, capacity 34544K, committed 34688K, reserved 1079296K
  class space    used 4628K, capacity 4874K, committed 4992K, reserved 1048576K
Event: 10.529 GC heap after
Heap after GC invocations=7 (full 1):
 PSYoungGen      total 115712K, used 11060K [0x00000000f5580000, 0x00000000fd580000, 0x0000000100000000)
  eden space 104448K, 0% used [0x00000000f5580000,0x00000000f5580000,0x00000000fbb80000)
  from space 11264K, 98% used [0x00000000fca80000,0x00000000fd54d348,0x00000000fd580000)
  to   space 12800K, 0% used [0x00000000fbc80000,0x00000000fbc80000,0x00000000fc900000)
 ParOldGen       total 175104K, used 7171K [0x00000000e0000000, 0x00000000eab00000, 0x00000000f5580000)
  object space 175104K, 4% used [0x00000000e0000000,0x00000000e0700ce0,0x00000000eab00000)
 Metaspace       used 33662K, capacity 34544K, committed 34688K, reserved 1079296K
  class space    used 4628K, capacity 4874K, committed 4992K, reserved 1048576K
}
Event: 10.633 GC heap before
{Heap before GC invocations=8 (full 1):
 PSYoungGen      total 115712K, used 16848K [0x00000000f5580000, 0x00000000fd580000, 0x0000000100000000)
  eden space 104448K, 5% used [0x00000000f5580000,0x00000000f5b26db8,0x00000000fbb80000)
  from space 11264K, 98% used [0x00000000fca80000,0x00000000fd54d348,0x00000000fd580000)
  to   space 12800K, 0% used [0x00000000fbc80000,0x00000000fbc80000,0x00000000fc900000)
 ParOldGen       total 175104K, used 7171K [0x00000000e0000000, 0x00000000eab00000, 0x00000000f5580000)
  object space 175104K, 4% used [0x00000000e0000000,0x00000000e0700ce0,0x00000000eab00000)
 Metaspace       used 34550K, capacity 35414K, committed 35456K, reserved 1079296K
  class space    used 4717K, capacity 4971K, committed 4992K, reserved 1048576K
Event: 10.645 GC heap after
Heap after GC invocations=8 (full 1):
 PSYoungGen      total 118272K, used 8616K [0x00000000f5580000, 0x0000000100000000, 0x0000000100000000)
  eden space 105472K, 0% used [0x00000000f5580000,0x00000000f5580000,0x00000000fbc80000)
  from space 12800K, 67% used [0x00000000fbc80000,0x00000000fc4ea110,0x00000000fc900000)
  to   space 12288K, 0% used [0x00000000ff400000,0x00000000ff400000,0x0000000100000000)
 ParOldGen       total 175104K, used 7179K [0x00000000e0000000, 0x00000000eab00000, 0x00000000f5580000)
  object space 175104K, 4% used [0x00000000e0000000,0x00000000e0702ce0,0x00000000eab00000)
 Metaspace       used 34550K, capacity 35414K, committed 35456K, reserved 1079296K
  class space    used 4717K, capacity 4971K, committed 4992K, reserved 1048576K
}
Event: 10.645 GC heap before
{Heap before GC invocations=9 (full 2):
 PSYoungGen      total 118272K, used 8616K [0x00000000f5580000, 0x0000000100000000, 0x0000000100000000)
  eden space 105472K, 0% used [0x00000000f5580000,0x00000000f5580000,0x00000000fbc80000)
  from space 12800K, 67% used [0x00000000fbc80000,0x00000000fc4ea110,0x00000000fc900000)
  to   space 12288K, 0% used [0x00000000ff400000,0x00000000ff400000,0x0000000100000000)
 ParOldGen       total 175104K, used 7179K [0x00000000e0000000, 0x00000000eab00000, 0x00000000f5580000)
  object space 175104K, 4% used [0x00000000e0000000,0x00000000e0702ce0,0x00000000eab00000)
 Metaspace       used 34550K, capacity 35414K, committed 35456K, reserved 1079296K
  class space    used 4717K, capacity 4971K, committed 4992K, reserved 1048576K
Event: 10.703 GC heap after
Heap after GC invocations=9 (full 2):
 PSYoungGen      total 118272K, used 0K [0x00000000f5580000, 0x0000000100000000, 0x0000000100000000)
  eden space 105472K, 0% used [0x00000000f5580000,0x00000000f5580000,0x00000000fbc80000)
  from space 12800K, 0% used [0x00000000fbc80000,0x00000000fbc80000,0x00000000fc900000)
  to   space 12288K, 0% used [0x00000000ff400000,0x00000000ff400000,0x0000000100000000)
 ParOldGen       total 175104K, used 15041K [0x00000000e0000000, 0x00000000eab00000, 0x00000000f5580000)
  object space 175104K, 8% used [0x00000000e0000000,0x00000000e0eb0650,0x00000000eab00000)
 Metaspace       used 34550K, capacity 35414K, committed 35456K, reserved 1079296K
  class space    used 4717K, capacity 4971K, committed 4992K, reserved 1048576K
}

